0xA509bffB29D7f43ADe1790BbdfCc77Bf7a4f32C7
0x5707529167CAEf8cbffaBe2C4b9a10999C6d7E7f
0xbb9422050576bf1792117c18941804034286f232
0xC7b900f7C9B1dD40c9d2De6C739D5127c85B298D
0x27CBc0c2a67Ca0e21D8d5F6e59Bc50661c563De4
0x75A95962A0709C8250a22b5CC0cC6E798A6c687f
0x1C05fBe77FcFb0beE7F949f080bF390e761fF052
0x32aDE00587081b05f474C5AD44e63E434582699C
0x85c5489F74FE5000fF0701535D9Ec8eF49dfe704
0xC364A1ec8697E87991b2f4903Ef398031D01a9B5
0x45703a6ee9634E6A624c209E3D8f22d21e9b6747
0x904560E16c2cf70b0120D9e9444ffBB2BBF841f2
0xb6bd95986038283A2215fD6831d77A6ED863Fd0A
0x74b357cEa39cB35aD95DAd862FeBe10ef261ccFe
0x22DEd37Fe05a998a49d0cD6562A35B3EE74B9920
0x04D725941898d965A4DdE8cB40590A9BEB193da3
0x1f916bBF39aB189A9E3d9E1823a7b1A8e9e5f204
0x831b6E6c52959C1fDFa4B586F658c22742D114B3
0x060fB9f0d0529A80f5fB94EcAd98Df7df99Ecb0a
0x601cB5A043D05949F7D0D5B52dd913e4A9d36290
0x58c0c31F09286bB66526DDaf646Fa2746AE6ed77
0x1C13523aC378A097d83e04C3602Ad8703492d6Aa
0x33D9cd50b4e87fb73564d3db2D45316c1810D0C0
0x552e366f9D3c4f4C1f9F2bebC493715F866Fe9D9
0x4AE4882E88e2E6f06e243a2fF65899CB9d3faDDa
0xd30476A9946988416CA4f29B694A14B556BFFf2f
0xEEda1A354924A6822FE80074fD625b35cdBD23aC
0x4472Bd2ab2FB0eF5A9f4a0125546B11fDd027B01
0x540215268de4b7EDE0a09AEb7a7E1154b8266cED
0x15577696c0A53A4Bb9c525537D47Be244909EA00
0x76199E8141a48E2EFE3848B45f1A972c08ecA85D
0xA94F799A34887582987eC8C050f080e252B70A21
0x4B6B892B6878E61F421066A01FC03d0648228F82
0xBEdAef8720A3c265919D051F3951bA5fB9c220Ae
0xE588A2b38F24C72e30535885d645CEbA44480D1b
0x6EAb3ca6127d7001f0f266833c63cDb089d9885f
0x9B144b726449507efF54Faf4607FDB3D28512417
0x4D9beB5A48378ACC8619E1Cc8EE6A1af53379aE4
0xc5fDfcB11654b03F88E3B68020CCFE8185d10171
0xa9352f003C315C9f8B8137f53629a54972969066
0xd1Bf4F5a494B5921A1A675e7BB8ae368C8D05B1e
0xED504bEbC16Cc6673e41Cf53E407024c2FE59e75
0xd8E70983780F3c0c0042626EC364a6E7Eb151dC1
0xb8410f47e152E6ec0E7578f8e0D79d10FB90e09b
0x35cde78e3434D033BCdBCE70F7Ee120fa7523854
0xA672E4322FfB05ebeEcbC5b802CA79f261a0e768
0x9BCaf7952115e7f92f7e6C69cf1baA68f3F02074
0x8788800865A7871fF6CD3FF1568a444fdfBD870b
0x29BBb2014ac9C1E73CE88F6Be44bE8Da900f9758
0x655A7Ba052e5aCDe220A482777981C050Fa087Fe
0xB9f3a13Bf0F4A208a4d20A988f95077b6E5D7205
0x2afb4C1b3c2C4d93D71909aFBf775358CB74F52b
0x1d63CdD8239Aa6115ed087E3BC00606Ed151eBD3
0x8Eb07e2f87198FE19961fB4AC8046e54639B0b83
0xfb52FA34d865c0398A123ff4cFa2D54C1a453Ce3
0x5EB6430F5147b3d4f816e053F4c66993320034D3
0xb8f53AF5AE8388AeEC906bBC5F3fd7d44859a61D
0xCB34bcB7CD85166A1787c7401367c5E758487C63
0xc7B049c895CDD035dD6137aa3cc6B3B857188222
0x42Feeb1e1439843ef1A81f6Ac3eCBB22a7e18A10